<?xml version="1.0" encoding="UTF-8"?>
<coverage generated="1598606847673" clover="3.2.0">
  <project timestamp="1598606847673" name="All files">
    <metrics statements="70" coveredstatements="35" conditionals="6" coveredconditionals="2" methods="34" coveredmethods="10" elements="110" coveredelements="47" complexity="0" loc="70" ncloc="70" packages="1" files="2" classes="2"/>
    <file name="Card.ts" path="C:\Users\xingzhi.jiang\Desktop\card_system\card_system\src\Card.ts">
      <metrics statements="8" coveredstatements="8" conditionals="0" coveredconditionals="0" methods="0" coveredmethods="0"/>
      <line num="2" count="1" type="stmt"/>
      <line num="6" count="1" type="stmt"/>
      <line num="17" count="1" type="stmt"/>
      <line num="36" count="1" type="stmt"/>
      <line num="62" count="1" type="stmt"/>
      <line num="75" count="1" type="stmt"/>
      <line num="91" count="1" type="stmt"/>
      <line num="108" count="1" type="stmt"/>
    </file>
    <file name="elasticSearchHelper.ts" path="C:\Users\xingzhi.jiang\Desktop\card_system\card_system\src\elasticSearchHelper.ts">
      <metrics statements="62" coveredstatements="27" conditionals="6" coveredconditionals="2" methods="34" coveredmethods="10"/>
      <line num="1" count="1" type="stmt"/>
      <line num="2" count="1" type="stmt"/>
      <line num="4" count="1" type="stmt"/>
      <line num="6" count="1" type="stmt"/>
      <line num="11" count="1" type="stmt"/>
      <line num="14" count="1" type="stmt"/>
      <line num="20" count="1" type="stmt"/>
      <line num="23" count="0" type="stmt"/>
      <line num="26" count="1" type="stmt"/>
      <line num="27" count="0" type="stmt"/>
      <line num="33" count="0" type="stmt"/>
      <line num="36" count="0" type="stmt"/>
      <line num="38" count="0" type="stmt"/>
      <line num="41" count="1" type="stmt"/>
      <line num="42" count="0" type="stmt"/>
      <line num="48" count="0" type="stmt"/>
      <line num="51" count="0" type="stmt"/>
      <line num="53" count="0" type="stmt"/>
      <line num="60" count="0" type="stmt"/>
      <line num="61" count="0" type="stmt"/>
      <line num="64" count="0" type="stmt"/>
      <line num="66" count="0" type="stmt"/>
      <line num="69" count="1" type="stmt"/>
      <line num="70" count="3" type="stmt"/>
      <line num="76" count="1" type="stmt"/>
      <line num="81" count="5" type="stmt"/>
      <line num="87" count="5" type="stmt"/>
      <line num="90" count="0" type="stmt"/>
      <line num="92" count="0" type="stmt"/>
      <line num="99" count="0" type="stmt"/>
      <line num="100" count="0" type="stmt"/>
      <line num="103" count="0" type="stmt"/>
      <line num="105" count="0" type="stmt"/>
      <line num="107" count="0" type="stmt"/>
      <line num="110" count="1" type="stmt"/>
      <line num="114" count="0" type="stmt"/>
      <line num="120" count="1" type="stmt"/>
      <line num="121" count="0" type="stmt"/>
      <line num="131" count="0" type="stmt"/>
      <line num="134" count="0" type="stmt"/>
      <line num="135" count="0" type="stmt"/>
      <line num="138" count="1" type="stmt"/>
      <line num="139" count="2" type="stmt"/>
      <line num="145" count="2" type="stmt"/>
      <line num="148" count="0" type="stmt"/>
      <line num="151" count="1" type="stmt"/>
      <line num="152" count="0" type="stmt"/>
      <line num="160" count="0" type="stmt"/>
      <line num="163" count="0" type="stmt"/>
      <line num="165" count="0" type="stmt"/>
      <line num="168" count="1" type="stmt"/>
      <line num="169" count="2" type="stmt"/>
      <line num="175" count="1" type="stmt"/>
      <line num="178" count="1" type="stmt"/>
      <line num="179" count="1" type="stmt"/>
      <line num="182" count="1" type="stmt"/>
      <line num="183" count="0" type="stmt"/>
      <line num="189" count="0" type="stmt"/>
      <line num="192" count="0" type="stmt"/>
      <line num="194" count="0" type="stmt"/>
      <line num="198" count="1" type="stmt"/>
      <line num="199" count="0" type="stmt"/>
    </file>
  </project>
</coverage>
