{"C:\\Users\\xingzhi.jiang\\Desktop\\card_system\\card_system\\src\\Card.ts": {"path":"C:\\Users\\xingzhi.jiang\\Desktop\\card_system\\card_system\\src\\Card.ts","statementMap":{"0":{"start":{"line":2,"column":25},"end":{"line":2,"column":26}},"1":{"start":{"line":6,"column":27},"end":{"line":6,"column":null}},"2":{"start":{"line":17,"column":27},"end":{"line":17,"column":null}},"3":{"start":{"line":36,"column":35},"end":{"line":36,"column":null}},"4":{"start":{"line":62,"column":36},"end":{"line":62,"column":null}},"5":{"start":{"line":75,"column":33},"end":{"line":75,"column":null}},"6":{"start":{"line":91,"column":32},"end":{"line":91,"column":null}},"7":{"start":{"line":108,"column":35},"end":{"line":108,"column":null}}},"fnMap":{},"branchMap":{},"s":{"0":1,"1":1,"2":1,"3":1,"4":1,"5":1,"6":1,"7":1},"f":{},"b":{}}
,"C:\\Users\\xingzhi.jiang\\Desktop\\card_system\\card_system\\src\\elasticSearchHelper.ts": {"path":"C:\\Users\\xingzhi.jiang\\Desktop\\card_system\\card_system\\src\\elasticSearchHelper.ts","statementMap":{"0":{"start":{"line":1,"column":0},"end":{"line":1,"column":null}},"1":{"start":{"line":2,"column":0},"end":{"line":2,"column":null}},"2":{"start":{"line":4,"column":25},"end":{"line":4,"column":null}},"3":{"start":{"line":6,"column":26},"end":{"line":6,"column":32}},"4":{"start":{"line":11,"column":2},"end":{"line":11,"column":9}},"5":{"start":{"line":14,"column":27},"end":{"line":14,"column":33}},"6":{"start":{"line":20,"column":4},"end":{"line":20,"column":11}},"7":{"start":{"line":23,"column":4},"end":{"line":23,"column":11}},"8":{"start":{"line":26,"column":30},"end":{"line":27,"column":8}},"9":{"start":{"line":27,"column":2},"end":{"line":27,"column":8}},"10":{"start":{"line":33,"column":6},"end":{"line":33,"column":13}},"11":{"start":{"line":36,"column":6},"end":{"line":36,"column":13}},"12":{"start":{"line":38,"column":6},"end":{"line":38,"column":13}},"13":{"start":{"line":41,"column":53},"end":{"line":42,"column":8}},"14":{"start":{"line":42,"column":2},"end":{"line":42,"column":8}},"15":{"start":{"line":48,"column":6},"end":{"line":48,"column":13}},"16":{"start":{"line":51,"column":6},"end":{"line":51,"column":13}},"17":{"start":{"line":53,"column":22},"end":{"line":53,"column":34}},"18":{"start":{"line":60,"column":10},"end":{"line":60,"column":17}},"19":{"start":{"line":61,"column":10},"end":{"line":61,"column":17}},"20":{"start":{"line":64,"column":10},"end":{"line":64,"column":17}},"21":{"start":{"line":66,"column":6},"end":{"line":66,"column":13}},"22":{"start":{"line":69,"column":37},"end":{"line":70,"column":8}},"23":{"start":{"line":70,"column":2},"end":{"line":70,"column":8}},"24":{"start":{"line":76,"column":46},"end":{"line":81,"column":8}},"25":{"start":{"line":81,"column":2},"end":{"line":81,"column":8}},"26":{"start":{"line":87,"column":6},"end":{"line":87,"column":13}},"27":{"start":{"line":90,"column":6},"end":{"line":90,"column":13}},"28":{"start":{"line":92,"column":22},"end":{"line":92,"column":34}},"29":{"start":{"line":99,"column":10},"end":{"line":99,"column":17}},"30":{"start":{"line":100,"column":10},"end":{"line":100,"column":17}},"31":{"start":{"line":103,"column":10},"end":{"line":103,"column":17}},"32":{"start":{"line":105,"column":10},"end":{"line":105,"column":17}},"33":{"start":{"line":107,"column":6},"end":{"line":107,"column":13}},"34":{"start":{"line":110,"column":37},"end":{"line":114,"column":8}},"35":{"start":{"line":114,"column":2},"end":{"line":114,"column":8}},"36":{"start":{"line":120,"column":41},"end":{"line":121,"column":8}},"37":{"start":{"line":121,"column":2},"end":{"line":121,"column":8}},"38":{"start":{"line":131,"column":6},"end":{"line":131,"column":13}},"39":{"start":{"line":134,"column":6},"end":{"line":134,"column":13}},"40":{"start":{"line":135,"column":6},"end":{"line":135,"column":13}},"41":{"start":{"line":138,"column":39},"end":{"line":139,"column":8}},"42":{"start":{"line":139,"column":2},"end":{"line":139,"column":8}},"43":{"start":{"line":145,"column":6},"end":{"line":145,"column":13}},"44":{"start":{"line":148,"column":6},"end":{"line":148,"column":13}},"45":{"start":{"line":151,"column":41},"end":{"line":152,"column":8}},"46":{"start":{"line":152,"column":2},"end":{"line":152,"column":8}},"47":{"start":{"line":160,"column":6},"end":{"line":160,"column":13}},"48":{"start":{"line":163,"column":6},"end":{"line":163,"column":13}},"49":{"start":{"line":165,"column":6},"end":{"line":165,"column":13}},"50":{"start":{"line":168,"column":30},"end":{"line":169,"column":8}},"51":{"start":{"line":169,"column":2},"end":{"line":169,"column":8}},"52":{"start":{"line":175,"column":6},"end":{"line":175,"column":13}},"53":{"start":{"line":178,"column":6},"end":{"line":178,"column":13}},"54":{"start":{"line":179,"column":6},"end":{"line":179,"column":13}},"55":{"start":{"line":182,"column":30},"end":{"line":196,"column":null}},"56":{"start":{"line":183,"column":2},"end":{"line":183,"column":8}},"57":{"start":{"line":189,"column":6},"end":{"line":189,"column":13}},"58":{"start":{"line":192,"column":6},"end":{"line":192,"column":13}},"59":{"start":{"line":194,"column":6},"end":{"line":194,"column":13}},"60":{"start":{"line":198,"column":33},"end":{"line":199,"column":8}},"61":{"start":{"line":199,"column":2},"end":{"line":199,"column":8}}},"fnMap":{"0":{"name":"(anonymous_0)","decl":{"start":{"line":10,"column":8},"end":{"line":10,"column":14}},"loc":{"start":{"line":10,"column":17},"end":{"line":12,"column":null}}},"1":{"name":"(anonymous_1)","decl":{"start":{"line":19,"column":8},"end":{"line":19,"column":14}},"loc":{"start":{"line":19,"column":17},"end":{"line":21,"column":null}}},"2":{"name":"(anonymous_2)","decl":{"start":{"line":22,"column":9},"end":{"line":22,"column":14}},"loc":{"start":{"line":22,"column":17},"end":{"line":24,"column":null}}},"3":{"name":"(anonymous_3)","decl":{"start":{"line":26,"column":30},"end":{"line":26,"column":null}},"loc":{"start":{"line":27,"column":2},"end":{"line":27,"column":8}}},"4":{"name":"(anonymous_4)","decl":{"start":{"line":32,"column":10},"end":{"line":32,"column":16}},"loc":{"start":{"line":32,"column":19},"end":{"line":34,"column":null}}},"5":{"name":"(anonymous_5)","decl":{"start":{"line":35,"column":11},"end":{"line":35,"column":16}},"loc":{"start":{"line":35,"column":19},"end":{"line":39,"column":null}}},"6":{"name":"(anonymous_6)","decl":{"start":{"line":41,"column":53},"end":{"line":41,"column":null}},"loc":{"start":{"line":42,"column":2},"end":{"line":42,"column":8}}},"7":{"name":"(anonymous_7)","decl":{"start":{"line":47,"column":10},"end":{"line":47,"column":16}},"loc":{"start":{"line":47,"column":19},"end":{"line":49,"column":null}}},"8":{"name":"(anonymous_8)","decl":{"start":{"line":50,"column":11},"end":{"line":50,"column":17}},"loc":{"start":{"line":50,"column":23},"end":{"line":67,"column":null}}},"9":{"name":"(anonymous_9)","decl":{"start":{"line":59,"column":14},"end":{"line":59,"column":20}},"loc":{"start":{"line":59,"column":23},"end":{"line":62,"column":null}}},"10":{"name":"(anonymous_10)","decl":{"start":{"line":63,"column":15},"end":{"line":63,"column":20}},"loc":{"start":{"line":63,"column":23},"end":{"line":65,"column":null}}},"11":{"name":"(anonymous_11)","decl":{"start":{"line":69,"column":37},"end":{"line":69,"column":38}},"loc":{"start":{"line":70,"column":2},"end":{"line":70,"column":8}}},"12":{"name":"(anonymous_12)","decl":{"start":{"line":76,"column":46},"end":{"line":76,"column":null}},"loc":{"start":{"line":81,"column":2},"end":{"line":81,"column":8}}},"13":{"name":"(anonymous_13)","decl":{"start":{"line":86,"column":10},"end":{"line":86,"column":16}},"loc":{"start":{"line":86,"column":19},"end":{"line":88,"column":null}}},"14":{"name":"(anonymous_14)","decl":{"start":{"line":89,"column":11},"end":{"line":89,"column":17}},"loc":{"start":{"line":89,"column":23},"end":{"line":108,"column":null}}},"15":{"name":"(anonymous_15)","decl":{"start":{"line":98,"column":14},"end":{"line":98,"column":20}},"loc":{"start":{"line":98,"column":23},"end":{"line":101,"column":null}}},"16":{"name":"(anonymous_16)","decl":{"start":{"line":102,"column":15},"end":{"line":102,"column":20}},"loc":{"start":{"line":102,"column":23},"end":{"line":106,"column":null}}},"17":{"name":"(anonymous_17)","decl":{"start":{"line":110,"column":37},"end":{"line":110,"column":null}},"loc":{"start":{"line":114,"column":2},"end":{"line":114,"column":8}}},"18":{"name":"(anonymous_18)","decl":{"start":{"line":120,"column":41},"end":{"line":120,"column":null}},"loc":{"start":{"line":121,"column":2},"end":{"line":121,"column":8}}},"19":{"name":"(anonymous_19)","decl":{"start":{"line":130,"column":10},"end":{"line":130,"column":16}},"loc":{"start":{"line":130,"column":19},"end":{"line":132,"column":null}}},"20":{"name":"(anonymous_20)","decl":{"start":{"line":133,"column":11},"end":{"line":133,"column":16}},"loc":{"start":{"line":133,"column":19},"end":{"line":136,"column":null}}},"21":{"name":"(anonymous_21)","decl":{"start":{"line":138,"column":39},"end":{"line":138,"column":null}},"loc":{"start":{"line":139,"column":2},"end":{"line":139,"column":8}}},"22":{"name":"(anonymous_22)","decl":{"start":{"line":144,"column":10},"end":{"line":144,"column":16}},"loc":{"start":{"line":144,"column":19},"end":{"line":146,"column":null}}},"23":{"name":"(anonymous_23)","decl":{"start":{"line":147,"column":11},"end":{"line":147,"column":16}},"loc":{"start":{"line":147,"column":19},"end":{"line":149,"column":null}}},"24":{"name":"(anonymous_24)","decl":{"start":{"line":151,"column":41},"end":{"line":151,"column":null}},"loc":{"start":{"line":152,"column":2},"end":{"line":152,"column":8}}},"25":{"name":"(anonymous_25)","decl":{"start":{"line":159,"column":10},"end":{"line":159,"column":16}},"loc":{"start":{"line":159,"column":19},"end":{"line":161,"column":null}}},"26":{"name":"(anonymous_26)","decl":{"start":{"line":162,"column":11},"end":{"line":162,"column":16}},"loc":{"start":{"line":162,"column":19},"end":{"line":166,"column":null}}},"27":{"name":"(anonymous_27)","decl":{"start":{"line":168,"column":30},"end":{"line":168,"column":31}},"loc":{"start":{"line":169,"column":2},"end":{"line":169,"column":8}}},"28":{"name":"(anonymous_28)","decl":{"start":{"line":174,"column":10},"end":{"line":174,"column":16}},"loc":{"start":{"line":174,"column":19},"end":{"line":176,"column":null}}},"29":{"name":"(anonymous_29)","decl":{"start":{"line":177,"column":11},"end":{"line":177,"column":16}},"loc":{"start":{"line":177,"column":19},"end":{"line":180,"column":null}}},"30":{"name":"(anonymous_30)","decl":{"start":{"line":182,"column":30},"end":{"line":182,"column":31}},"loc":{"start":{"line":182,"column":71},"end":{"line":196,"column":null}}},"31":{"name":"(anonymous_31)","decl":{"start":{"line":188,"column":10},"end":{"line":188,"column":16}},"loc":{"start":{"line":188,"column":19},"end":{"line":190,"column":null}}},"32":{"name":"(anonymous_32)","decl":{"start":{"line":191,"column":11},"end":{"line":191,"column":16}},"loc":{"start":{"line":191,"column":19},"end":{"line":195,"column":null}}},"33":{"name":"(anonymous_33)","decl":{"start":{"line":198,"column":33},"end":{"line":198,"column":34}},"loc":{"start":{"line":199,"column":2},"end":{"line":199,"column":8}}}},"branchMap":{"0":{"loc":{"start":{"line":72,"column":24},"end":{"line":72,"column":33}},"type":"cond-expr","locations":[{"start":{"line":72,"column":24},"end":{"line":72,"column":33}},{"start":{"line":72,"column":33},"end":{"line":72,"column":null}}]},"1":{"loc":{"start":{"line":83,"column":24},"end":{"line":83,"column":33}},"type":"cond-expr","locations":[{"start":{"line":83,"column":24},"end":{"line":83,"column":33}},{"start":{"line":83,"column":33},"end":{"line":83,"column":null}}]},"2":{"loc":{"start":{"line":94,"column":28},"end":{"line":94,"column":37}},"type":"cond-expr","locations":[{"start":{"line":94,"column":28},"end":{"line":94,"column":37}},{"start":{"line":94,"column":37},"end":{"line":94,"column":null}}]}},"s":{"0":1,"1":1,"2":1,"3":1,"4":1,"5":1,"6":1,"7":0,"8":1,"9":0,"10":0,"11":0,"12":0,"13":1,"14":0,"15":0,"16":0,"17":0,"18":0,"19":0,"20":0,"21":0,"22":1,"23":3,"24":1,"25":5,"26":5,"27":0,"28":0,"29":0,"30":0,"31":0,"32":0,"33":0,"34":1,"35":0,"36":1,"37":0,"38":0,"39":0,"40":0,"41":1,"42":2,"43":2,"44":0,"45":1,"46":0,"47":0,"48":0,"49":0,"50":1,"51":2,"52":1,"53":1,"54":1,"55":1,"56":0,"57":0,"58":0,"59":0,"60":1,"61":0},"f":{"0":1,"1":1,"2":0,"3":0,"4":0,"5":0,"6":0,"7":0,"8":0,"9":0,"10":0,"11":3,"12":5,"13":5,"14":0,"15":0,"16":0,"17":0,"18":0,"19":0,"20":0,"21":2,"22":2,"23":0,"24":0,"25":0,"26":0,"27":2,"28":1,"29":1,"30":0,"31":0,"32":0,"33":0},"b":{"0":[0,3],"1":[0,5],"2":[0,0]}}
}
