TN:
SF:C:\Users\xingzhi.jiang\Desktop\card_system\card_system\src\Card.ts
FNF:0
FNH:0
DA:2,1
DA:6,1
DA:17,1
DA:36,1
DA:62,1
DA:75,1
DA:91,1
DA:108,1
LF:8
LH:8
BRF:0
BRH:0
end_of_record
TN:
SF:C:\Users\xingzhi.jiang\Desktop\card_system\card_system\src\elasticSearchHelper.ts
FN:10,(anonymous_0)
FN:19,(anonymous_1)
FN:22,(anonymous_2)
FN:26,(anonymous_3)
FN:32,(anonymous_4)
FN:35,(anonymous_5)
FN:41,(anonymous_6)
FN:47,(anonymous_7)
FN:50,(anonymous_8)
FN:59,(anonymous_9)
FN:63,(anonymous_10)
FN:69,(anonymous_11)
FN:76,(anonymous_12)
FN:86,(anonymous_13)
FN:89,(anonymous_14)
FN:98,(anonymous_15)
FN:102,(anonymous_16)
FN:110,(anonymous_17)
FN:120,(anonymous_18)
FN:130,(anonymous_19)
FN:133,(anonymous_20)
FN:138,(anonymous_21)
FN:144,(anonymous_22)
FN:147,(anonymous_23)
FN:151,(anonymous_24)
FN:159,(anonymous_25)
FN:162,(anonymous_26)
FN:168,(anonymous_27)
FN:174,(anonymous_28)
FN:177,(anonymous_29)
FN:182,(anonymous_30)
FN:188,(anonymous_31)
FN:191,(anonymous_32)
FN:198,(anonymous_33)
FNF:34
FNH:10
FNDA:1,(anonymous_0)
FNDA:1,(anonymous_1)
FNDA:0,(anonymous_2)
FNDA:0,(anonymous_3)
FNDA:0,(anonymous_4)
FNDA:0,(anonymous_5)
FNDA:0,(anonymous_6)
FNDA:0,(anonymous_7)
FNDA:0,(anonymous_8)
FNDA:0,(anonymous_9)
FNDA:0,(anonymous_10)
FNDA:3,(anonymous_11)
FNDA:5,(anonymous_12)
FNDA:5,(anonymous_13)
FNDA:0,(anonymous_14)
FNDA:0,(anonymous_15)
FNDA:0,(anonymous_16)
FNDA:0,(anonymous_17)
FNDA:0,(anonymous_18)
FNDA:0,(anonymous_19)
FNDA:0,(anonymous_20)
FNDA:2,(anonymous_21)
FNDA:2,(anonymous_22)
FNDA:0,(anonymous_23)
FNDA:0,(anonymous_24)
FNDA:0,(anonymous_25)
FNDA:0,(anonymous_26)
FNDA:2,(anonymous_27)
FNDA:1,(anonymous_28)
FNDA:1,(anonymous_29)
FNDA:0,(anonymous_30)
FNDA:0,(anonymous_31)
FNDA:0,(anonymous_32)
FNDA:0,(anonymous_33)
DA:1,1
DA:2,1
DA:4,1
DA:6,1
DA:11,1
DA:14,1
DA:20,1
DA:23,0
DA:26,1
DA:27,0
DA:33,0
DA:36,0
DA:38,0
DA:41,1
DA:42,0
DA:48,0
DA:51,0
DA:53,0
DA:60,0
DA:61,0
DA:64,0
DA:66,0
DA:69,1
DA:70,3
DA:76,1
DA:81,5
DA:87,5
DA:90,0
DA:92,0
DA:99,0
DA:100,0
DA:103,0
DA:105,0
DA:107,0
DA:110,1
DA:114,0
DA:120,1
DA:121,0
DA:131,0
DA:134,0
DA:135,0
DA:138,1
DA:139,2
DA:145,2
DA:148,0
DA:151,1
DA:152,0
DA:160,0
DA:163,0
DA:165,0
DA:168,1
DA:169,2
DA:175,1
DA:178,1
DA:179,1
DA:182,1
DA:183,0
DA:189,0
DA:192,0
DA:194,0
DA:198,1
DA:199,0
LF:62
LH:27
BRDA:72,0,0,0
BRDA:72,0,1,3
BRDA:83,1,0,0
BRDA:83,1,1,5
BRDA:94,2,0,0
BRDA:94,2,1,0
BRF:6
BRH:2
end_of_record
